2024-11-25 10:19:55,149 - INFO - Tuning for EWR - Prophet Model
2024-11-25 10:19:55,288 - INFO - changepont_prior_scale: 0.04736626443835852, seasonality_prior_scale: 5.606784007894005, holidays_prior_scale: 6.268506359913042, seasonality_mode: multiplicative, 
        yearly_seasonality: False, weekly_seasonality: False, daily_seasonality: True
2024-11-25 10:19:59,015 - INFO - Chain [1] start processing
2024-11-25 10:21:45,714 - INFO - Chain [1] done processing
2024-11-25 10:21:46,285 - INFO - {'mae': 2046.0474339891775, 'mape': 25.73961731239208, 'rmse': 2542.9715258102956, 'r2': 0.6073994474945116}
2024-11-25 10:21:46,291 - INFO - changepont_prior_scale: 0.03101061878745173, seasonality_prior_scale: 9.384018516213642, holidays_prior_scale: 7.4682931280402425, seasonality_mode: multiplicative, 
        yearly_seasonality: True, weekly_seasonality: True, daily_seasonality: False
2024-11-25 10:21:52,198 - INFO - Chain [1] start processing
2024-11-25 10:22:50,190 - INFO - Chain [1] done processing
2024-11-25 10:22:50,739 - INFO - {'mae': 3103.1293588995745, 'mape': 52.30707243363519, 'rmse': 3816.1611798714753, 'r2': 0.11585940706877262}
2024-11-25 10:22:50,752 - INFO - changepont_prior_scale: 0.024050077228586226, seasonality_prior_scale: 6.562195064902553, holidays_prior_scale: 7.527773974004633, seasonality_mode: additive, 
        yearly_seasonality: False, weekly_seasonality: True, daily_seasonality: True
2024-11-25 10:22:54,556 - INFO - Chain [1] start processing
2024-11-25 10:24:58,815 - INFO - Chain [1] done processing
2024-11-25 10:24:59,619 - INFO - {'mae': 1721.5916766483244, 'mape': 23.393232974164206, 'rmse': 2193.0066315305558, 'r2': 0.7080235648918303}
2024-11-25 10:24:59,626 - INFO - changepont_prior_scale: 0.014290625762462466, seasonality_prior_scale: 7.466172633160912, holidays_prior_scale: 8.540555844825912, seasonality_mode: additive, 
        yearly_seasonality: True, weekly_seasonality: False, daily_seasonality: False
2024-11-25 10:25:04,196 - INFO - Chain [1] start processing
2024-11-25 10:25:48,023 - INFO - Chain [1] done processing
2024-11-25 10:25:48,670 - INFO - {'mae': 3165.3496637474627, 'mape': 56.3803963642184, 'rmse': 4068.933106804829, 'r2': -0.005145683705818582}
2024-11-25 10:25:48,677 - INFO - changepont_prior_scale: 0.0067617633401943125, seasonality_prior_scale: 8.683752716064433, holidays_prior_scale: 5.960642666309625, seasonality_mode: additive, 
        yearly_seasonality: True, weekly_seasonality: False, daily_seasonality: True
2024-11-25 10:25:54,048 - INFO - Chain [1] start processing
2024-11-25 10:26:48,064 - INFO - Chain [1] done processing
2024-11-25 10:26:48,607 - INFO - {'mae': 1975.8073255725888, 'mape': 26.237943317219976, 'rmse': 2438.7497958043655, 'r2': 0.6389208562717945}
2024-11-25 10:26:48,614 - INFO - changepont_prior_scale: 0.08857163965676326, seasonality_prior_scale: 9.820771158704607, holidays_prior_scale: 3.8253587213765012, seasonality_mode: multiplicative, 
        yearly_seasonality: False, weekly_seasonality: True, daily_seasonality: True
2024-11-25 10:26:52,674 - INFO - Chain [1] start processing
2024-11-25 10:29:05,803 - INFO - Chain [1] done processing
2024-11-25 10:29:06,337 - INFO - {'mae': 1757.9544017111402, 'mape': 21.228913655388094, 'rmse': 2230.358950477362, 'r2': 0.6979927015082423}
2024-11-25 10:29:06,343 - INFO - changepont_prior_scale: 0.012545175224343584, seasonality_prior_scale: 1.0422549763984073, holidays_prior_scale: 4.62207386548932, seasonality_mode: additive, 
        yearly_seasonality: True, weekly_seasonality: True, daily_seasonality: True
2024-11-25 10:29:12,134 - INFO - Chain [1] start processing
2024-11-25 10:30:38,421 - INFO - Chain [1] done processing
2024-11-25 10:30:39,068 - INFO - {'mae': 1521.2961439918663, 'mape': 19.58754208847709, 'rmse': 2044.7455900926986, 'r2': 0.7461679412224209}
2024-11-25 10:30:39,074 - INFO - changepont_prior_scale: 0.0949100986273954, seasonality_prior_scale: 7.87615818833925, holidays_prior_scale: 1.0222989788997108, seasonality_mode: additive, 
        yearly_seasonality: True, weekly_seasonality: True, daily_seasonality: False
2024-11-25 10:30:44,266 - INFO - Chain [1] start processing
2024-11-25 10:32:57,126 - INFO - Chain [1] done processing
2024-11-25 10:32:57,724 - INFO - {'mae': 3058.356438355836, 'mape': 52.90205620136126, 'rmse': 3827.411735440069, 'r2': 0.1106385921949179}
2024-11-25 10:32:57,732 - INFO - changepont_prior_scale: 0.06790452145714225, seasonality_prior_scale: 8.277189680939593, holidays_prior_scale: 5.657217507914909, seasonality_mode: additive, 
        yearly_seasonality: False, weekly_seasonality: True, daily_seasonality: True
2024-11-25 10:33:01,699 - INFO - Chain [1] start processing
2024-11-25 10:34:37,812 - INFO - Chain [1] done processing
2024-11-25 10:34:38,325 - INFO - {'mae': 1740.971081233395, 'mape': 23.740043731434504, 'rmse': 2208.57738669924, 'r2': 0.7038626715450202}
2024-11-25 10:34:38,330 - INFO - changepont_prior_scale: 0.07373292768493288, seasonality_prior_scale: 7.906905833751265, holidays_prior_scale: 6.99906151597947, seasonality_mode: multiplicative, 
        yearly_seasonality: True, weekly_seasonality: True, daily_seasonality: False
2024-11-25 10:34:43,802 - INFO - Chain [1] start processing
2024-11-25 10:36:15,017 - INFO - Chain [1] done processing
2024-11-25 10:36:15,596 - INFO - {'mae': 3101.5111873245096, 'mape': 52.34121619615822, 'rmse': 3816.3501887911393, 'r2': 0.1157718245014786}
2024-11-25 10:36:15,625 - INFO - changepont_prior_scale: 0.043201447561964486, seasonality_prior_scale: 1.1490577040630985, holidays_prior_scale: 3.5845580660878382, seasonality_mode: additive, 
        yearly_seasonality: True, weekly_seasonality: False, daily_seasonality: True
2024-11-25 10:36:21,504 - INFO - Chain [1] start processing
2024-11-25 10:37:59,404 - INFO - Chain [1] done processing
2024-11-25 10:38:00,043 - INFO - {'mae': 1921.1363729363068, 'mape': 24.773119197380304, 'rmse': 2408.559008949057, 'r2': 0.6478055616688727}
2024-11-25 10:38:00,075 - INFO - changepont_prior_scale: 0.022070729248441712, seasonality_prior_scale: 1.1593010464820857, holidays_prior_scale: 9.833969758010017, seasonality_mode: additive, 
        yearly_seasonality: False, weekly_seasonality: True, daily_seasonality: True
2024-11-25 10:38:04,401 - INFO - Chain [1] start processing
2024-11-25 10:39:39,224 - INFO - Chain [1] done processing
2024-11-25 10:39:39,798 - INFO - {'mae': 1715.3454220939825, 'mape': 23.280758888303453, 'rmse': 2188.0716004292594, 'r2': 0.7093361842782151}
2024-11-25 10:39:39,854 - INFO - changepont_prior_scale: 0.0027413063266375232, seasonality_prior_scale: 1.0869045268538953, holidays_prior_scale: 9.894245319386226, seasonality_mode: additive, 
        yearly_seasonality: False, weekly_seasonality: True, daily_seasonality: True
2024-11-25 10:39:44,618 - INFO - Chain [1] start processing
2024-11-25 10:40:29,731 - INFO - Chain [1] done processing
2024-11-25 10:40:30,295 - INFO - {'mae': 1758.376373327901, 'mape': 24.05271370022405, 'rmse': 2222.8046956884896, 'r2': 0.7000350422236659}
2024-11-25 10:40:30,318 - INFO - changepont_prior_scale: 0.02649455718368398, seasonality_prior_scale: 2.9390329615397097, holidays_prior_scale: 3.9415217290522335, seasonality_mode: additive, 
        yearly_seasonality: False, weekly_seasonality: True, daily_seasonality: True
2024-11-25 10:40:34,828 - INFO - Chain [1] start processing
2024-11-25 10:42:09,042 - INFO - Chain [1] done processing
2024-11-25 10:42:09,539 - INFO - {'mae': 1724.5513484144178, 'mape': 23.44629683489982, 'rmse': 2195.3707718922215, 'r2': 0.7073937032810843}
2024-11-25 10:42:09,562 - INFO - changepont_prior_scale: 0.02038925383723609, seasonality_prior_scale: 3.162772871203427, holidays_prior_scale: 9.80558538899626, seasonality_mode: additive, 
        yearly_seasonality: False, weekly_seasonality: True, daily_seasonality: True
2024-11-25 10:42:13,552 - INFO - Chain [1] start processing
2024-11-25 10:43:32,071 - INFO - Chain [1] done processing
2024-11-25 10:43:32,586 - INFO - {'mae': 1709.647971084027, 'mape': 23.17766966458132, 'rmse': 2183.6148692394677, 'r2': 0.710519044315475}
2024-11-25 10:43:32,613 - INFO - changepont_prior_scale: 0.035142676474513315, seasonality_prior_scale: 3.275906059923516, holidays_prior_scale: 2.4279276408500405, seasonality_mode: additive, 
        yearly_seasonality: True, weekly_seasonality: True, daily_seasonality: True
2024-11-25 10:43:38,630 - INFO - Chain [1] start processing
2024-11-25 10:46:03,277 - INFO - Chain [1] done processing
2024-11-25 10:46:03,869 - INFO - {'mae': 1504.641138999302, 'mape': 19.18706459249193, 'rmse': 2034.1141057467503, 'r2': 0.7488006364285587}
2024-11-25 10:46:03,917 - INFO - changepont_prior_scale: 0.035288053100041725, seasonality_prior_scale: 3.122282025567468, holidays_prior_scale: 2.089074347753047, seasonality_mode: additive, 
        yearly_seasonality: True, weekly_seasonality: True, daily_seasonality: True
2024-11-25 10:46:09,257 - INFO - Chain [1] start processing
2024-11-25 10:48:43,720 - INFO - Chain [1] done processing
2024-11-25 10:48:44,375 - INFO - {'mae': 1503.480538945268, 'mape': 19.159718053588843, 'rmse': 2033.3936596743306, 'r2': 0.7489785453720567}
2024-11-25 10:48:44,436 - INFO - changepont_prior_scale: 0.037332921478280656, seasonality_prior_scale: 3.6714599958522953, holidays_prior_scale: 1.6495946286682246, seasonality_mode: additive, 
        yearly_seasonality: True, weekly_seasonality: True, daily_seasonality: True
2024-11-25 10:48:50,948 - INFO - Chain [1] start processing
2024-11-25 10:51:56,011 - INFO - Chain [1] done processing
2024-11-25 10:51:56,517 - INFO - {'mae': 1504.108423189626, 'mape': 19.174215721968658, 'rmse': 2033.773325573441, 'r2': 0.7488847974809854}
2024-11-25 10:51:56,551 - INFO - changepont_prior_scale: 0.059190349446175045, seasonality_prior_scale: 4.647495473501196, holidays_prior_scale: 1.16489502161655, seasonality_mode: multiplicative, 
        yearly_seasonality: True, weekly_seasonality: False, daily_seasonality: False
2024-11-25 10:52:00,823 - INFO - Chain [1] start processing
2024-11-25 10:53:50,919 - INFO - Chain [1] done processing
2024-11-25 10:53:51,624 - INFO - {'mae': 3210.2064903937567, 'mape': 54.90237261226276, 'rmse': 4047.0628202994494, 'r2': 0.005630480603371679}
2024-11-25 10:53:51,662 - INFO - changepont_prior_scale: 0.042585715893468816, seasonality_prior_scale: 4.295604308131255, holidays_prior_scale: 2.317640270466112, seasonality_mode: additive, 
        yearly_seasonality: True, weekly_seasonality: True, daily_seasonality: True
2024-11-25 10:53:58,015 - INFO - Chain [1] start processing
2024-11-25 10:56:18,318 - INFO - Chain [1] done processing
2024-11-25 10:56:18,805 - INFO - {'mae': 1501.9435610177743, 'mape': 19.11457998550062, 'rmse': 2032.4480461074004, 'r2': 0.7492119621515432}
2024-11-25 10:56:18,828 - INFO - changepont_prior_scale: 0.05446922520707834, seasonality_prior_scale: 4.612060719913792, holidays_prior_scale: 2.36417029833892, seasonality_mode: additive, 
        yearly_seasonality: True, weekly_seasonality: True, daily_seasonality: True
2024-11-25 10:56:24,539 - INFO - Chain [1] start processing
2024-11-25 10:58:21,618 - INFO - Chain [1] done processing
2024-11-25 10:58:22,263 - INFO - {'mae': 1497.9727953974996, 'mape': 19.006592705060843, 'rmse': 2030.0253319779706, 'r2': 0.7498094933861328}
2024-11-25 10:58:22,288 - INFO - changepont_prior_scale: 0.056628655303001374, seasonality_prior_scale: 4.52809307714406, holidays_prior_scale: 2.812709030227007, seasonality_mode: additive, 
        yearly_seasonality: True, weekly_seasonality: True, daily_seasonality: True
2024-11-25 10:58:28,644 - INFO - Chain [1] start processing
2024-11-25 11:00:45,627 - INFO - Chain [1] done processing
2024-11-25 11:00:46,264 - INFO - {'mae': 1500.302446275853, 'mape': 19.062017247593964, 'rmse': 2031.5232264801434, 'r2': 0.7494401411025664}
2024-11-25 11:00:46,293 - INFO - changepont_prior_scale: 0.05411429714530369, seasonality_prior_scale: 4.6620904616401955, holidays_prior_scale: 2.7245185655445656, seasonality_mode: additive, 
        yearly_seasonality: True, weekly_seasonality: True, daily_seasonality: True
2024-11-25 11:00:52,500 - INFO - Chain [1] start processing
2024-11-25 11:03:03,501 - INFO - Chain [1] done processing
2024-11-25 11:03:03,998 - INFO - {'mae': 1496.5148678231167, 'mape': 18.95903052766945, 'rmse': 2029.2692579489037, 'r2': 0.7499958233939517}
2024-11-25 11:03:04,026 - INFO - changepont_prior_scale: 0.05942956930560375, seasonality_prior_scale: 5.552768284292399, holidays_prior_scale: 3.001743954275619, seasonality_mode: additive, 
        yearly_seasonality: True, weekly_seasonality: True, daily_seasonality: True
2024-11-25 11:03:10,629 - INFO - Chain [1] start processing
2024-11-25 11:05:39,339 - INFO - Chain [1] done processing
2024-11-25 11:05:39,976 - INFO - {'mae': 1498.4190941539978, 'mape': 19.013057531886382, 'rmse': 2030.3518458003923, 'r2': 0.749729004510437}
2024-11-25 11:05:40,012 - INFO - changepont_prior_scale: 0.07503215491982464, seasonality_prior_scale: 5.650380405125268, holidays_prior_scale: 4.831173727637001, seasonality_mode: additive, 
        yearly_seasonality: True, weekly_seasonality: True, daily_seasonality: True
2024-11-25 11:05:45,881 - INFO - Chain [1] start processing
2024-11-25 11:07:51,458 - INFO - Chain [1] done processing
2024-11-25 11:07:51,955 - INFO - {'mae': 1495.298594906607, 'mape': 18.927218269042935, 'rmse': 2028.5621027411548, 'r2': 0.7501700348257327}
2024-11-25 11:07:51,980 - INFO - changepont_prior_scale: 0.07516196295642341, seasonality_prior_scale: 6.900985415694298, holidays_prior_scale: 4.871922732717282, seasonality_mode: additive, 
        yearly_seasonality: True, weekly_seasonality: True, daily_seasonality: True
2024-11-25 11:07:58,242 - INFO - Chain [1] start processing
2024-11-25 11:10:33,666 - INFO - Chain [1] done processing
2024-11-25 11:10:34,224 - INFO - {'mae': 1495.0881763926475, 'mape': 18.92128476462083, 'rmse': 2028.4322431283786, 'r2': 0.7502020198303528}
2024-11-25 11:10:34,251 - INFO - changepont_prior_scale: 0.0799410006483059, seasonality_prior_scale: 6.573987221628846, holidays_prior_scale: 4.787914043390275, seasonality_mode: additive, 
        yearly_seasonality: True, weekly_seasonality: True, daily_seasonality: True
2024-11-25 11:10:40,334 - INFO - Chain [1] start processing
2024-11-25 11:12:19,936 - INFO - Chain [1] done processing
2024-11-25 11:12:20,551 - INFO - {'mae': 1494.326850060868, 'mape': 18.90088207439434, 'rmse': 2027.9830299384641, 'r2': 0.7503126472596745}
2024-11-25 11:12:20,581 - INFO - changepont_prior_scale: 0.07570352364679225, seasonality_prior_scale: 6.61156321506004, holidays_prior_scale: 4.814634827579424, seasonality_mode: multiplicative, 
        yearly_seasonality: True, weekly_seasonality: False, daily_seasonality: False
2024-11-25 11:12:24,787 - INFO - Chain [1] start processing
2024-11-25 11:13:29,420 - INFO - Chain [1] done processing
2024-11-25 11:13:30,096 - INFO - {'mae': 3203.5790440928945, 'mape': 55.05155783267399, 'rmse': 4047.802239020944, 'r2': 0.0052670947905945065}
2024-11-25 11:13:30,120 - INFO - changepont_prior_scale: 0.08270786232570237, seasonality_prior_scale: 6.370251234932427, holidays_prior_scale: 4.918478333257414, seasonality_mode: additive, 
        yearly_seasonality: True, weekly_seasonality: True, daily_seasonality: True
2024-11-25 11:13:36,368 - INFO - Chain [1] start processing
2024-11-25 11:15:58,500 - INFO - Chain [1] done processing
2024-11-25 11:15:59,100 - INFO - {'mae': 1492.8822685532186, 'mape': 18.8557924097322, 'rmse': 2027.220682510002, 'r2': 0.7505003339721631}
2024-11-25 11:15:59,131 - INFO - changepont_prior_scale: 0.08564044293731184, seasonality_prior_scale: 6.468115954979078, holidays_prior_scale: 6.3063589966570985, seasonality_mode: multiplicative, 
        yearly_seasonality: True, weekly_seasonality: False, daily_seasonality: True
2024-11-25 11:16:04,969 - INFO - Chain [1] start processing
2024-11-25 11:17:47,448 - INFO - Chain [1] done processing
2024-11-25 11:17:47,986 - INFO - {'mae': 1883.1606050805678, 'mape': 22.1937281158891, 'rmse': 2411.778645546501, 'r2': 0.6468633418655511}
2024-11-25 11:17:48,027 - INFO - changepont_prior_scale: 0.08437563193235362, seasonality_prior_scale: 7.144739180719679, holidays_prior_scale: 6.510374984501067, seasonality_mode: additive, 
        yearly_seasonality: True, weekly_seasonality: True, daily_seasonality: True
2024-11-25 11:17:54,619 - INFO - Chain [1] start processing
2024-11-25 11:20:10,938 - INFO - Chain [1] done processing
2024-11-25 11:20:11,481 - INFO - {'mae': 1493.3507601078331, 'mape': 18.873427268499952, 'rmse': 2027.4053125310772, 'r2': 0.7504548853175638}
2024-11-25 11:20:11,506 - INFO - changepont_prior_scale: 0.08424696461385998, seasonality_prior_scale: 7.103884869256804, holidays_prior_scale: 5.2042856147369, seasonality_mode: additive, 
        yearly_seasonality: True, weekly_seasonality: True, daily_seasonality: True
2024-11-25 11:20:17,663 - INFO - Chain [1] start processing
2024-11-25 11:22:06,695 - INFO - Chain [1] done processing
2024-11-25 11:22:07,346 - INFO - {'mae': 1494.3555123271817, 'mape': 18.891054853707185, 'rmse': 2028.1619216144536, 'r2': 0.7502685946631592}
2024-11-25 11:22:07,370 - INFO - changepont_prior_scale: 0.08498395632103609, seasonality_prior_scale: 7.178291539567183, holidays_prior_scale: 6.817265511389357, seasonality_mode: additive, 
        yearly_seasonality: True, weekly_seasonality: True, daily_seasonality: True
2024-11-25 11:22:13,725 - INFO - Chain [1] start processing
2024-11-25 11:24:06,764 - INFO - Chain [1] done processing
2024-11-25 11:24:07,334 - INFO - {'mae': 1493.4335812732172, 'mape': 18.868980008711286, 'rmse': 2027.6004942027475, 'r2': 0.7504068347606534}
2024-11-25 11:24:07,360 - INFO - changepont_prior_scale: 0.0999641197471427, seasonality_prior_scale: 5.9758775624516245, holidays_prior_scale: 6.475943481271113, seasonality_mode: additive, 
        yearly_seasonality: True, weekly_seasonality: True, daily_seasonality: True
2024-11-25 11:24:13,269 - INFO - Chain [1] start processing
2024-11-25 11:26:43,544 - INFO - Chain [1] done processing
2024-11-25 11:26:44,110 - INFO - {'mae': 1492.0001068746099, 'mape': 18.832122274675818, 'rmse': 2026.7047231509553, 'r2': 0.7506273209418235}
2024-11-25 11:26:44,136 - INFO - changepont_prior_scale: 0.097489984763772, seasonality_prior_scale: 6.071073696317948, holidays_prior_scale: 6.79913394913286, seasonality_mode: additive, 
        yearly_seasonality: True, weekly_seasonality: True, daily_seasonality: False
2024-11-25 11:26:49,734 - INFO - Chain [1] start processing
2024-11-25 11:28:46,315 - INFO - Chain [1] done processing
2024-11-25 11:28:46,790 - INFO - {'mae': 3058.537835069282, 'mape': 52.89785628801942, 'rmse': 3827.3480573737384, 'r2': 0.110668185218884}
2024-11-25 11:28:46,812 - INFO - changepont_prior_scale: 0.09190472681690222, seasonality_prior_scale: 7.511951014013716, holidays_prior_scale: 8.161341641051795, seasonality_mode: additive, 
        yearly_seasonality: True, weekly_seasonality: True, daily_seasonality: True
2024-11-25 11:28:53,112 - INFO - Chain [1] start processing
2024-11-25 11:31:18,286 - INFO - Chain [1] done processing
2024-11-25 11:31:18,893 - INFO - {'mae': 1491.8761143047755, 'mape': 18.82656272069077, 'rmse': 2026.6932894513648, 'r2': 0.7506301346168727}
2024-11-25 11:31:18,922 - INFO - changepont_prior_scale: 0.09323267124686466, seasonality_prior_scale: 8.903405404833343, holidays_prior_scale: 8.210158189087181, seasonality_mode: multiplicative, 
        yearly_seasonality: True, weekly_seasonality: False, daily_seasonality: True
2024-11-25 11:31:24,121 - INFO - Chain [1] start processing
2024-11-25 11:33:36,010 - INFO - Chain [1] done processing
2024-11-25 11:33:36,663 - INFO - {'mae': 1884.5537884443647, 'mape': 22.242512523279743, 'rmse': 2412.4588538321605, 'r2': 0.646664119308615}
2024-11-25 11:33:36,696 - INFO - changepont_prior_scale: 0.09875048669781965, seasonality_prior_scale: 7.586919985541105, holidays_prior_scale: 8.106548617752367, seasonality_mode: additive, 
        yearly_seasonality: True, weekly_seasonality: True, daily_seasonality: True
2024-11-25 11:33:42,352 - INFO - Chain [1] start processing
2024-11-25 11:36:26,023 - INFO - Chain [1] done processing
2024-11-25 11:36:26,796 - INFO - {'mae': 1491.1078587863713, 'mape': 18.805743282447203, 'rmse': 2026.216366855301, 'r2': 0.7507474845196389}
2024-11-25 11:36:26,838 - INFO - changepont_prior_scale: 0.09129182343962994, seasonality_prior_scale: 7.719824984974341, holidays_prior_scale: 7.905456150758316, seasonality_mode: additive, 
        yearly_seasonality: True, weekly_seasonality: True, daily_seasonality: False
2024-11-25 11:36:32,348 - INFO - Chain [1] start processing
2024-11-25 11:37:51,469 - INFO - Chain [1] done processing
2024-11-25 11:37:52,060 - INFO - {'mae': 3049.5452536124853, 'mape': 53.03692865490568, 'rmse': 3830.684701449418, 'r2': 0.10911688799978947}
2024-11-25 11:37:52,097 - INFO - changepont_prior_scale: 0.09877428694028427, seasonality_prior_scale: 8.991099392436013, holidays_prior_scale: 9.152444088120882, seasonality_mode: additive, 
        yearly_seasonality: True, weekly_seasonality: True, daily_seasonality: True
2024-11-25 11:37:58,950 - INFO - Chain [1] start processing
2024-11-25 11:40:46,070 - INFO - Chain [1] done processing
2024-11-25 11:40:46,590 - INFO - {'mae': 1492.7886536401047, 'mape': 18.852152032658367, 'rmse': 2027.205629073201, 'r2': 0.7505040393541593}
2024-11-25 11:40:46,615 - INFO - changepont_prior_scale: 0.09857027303956004, seasonality_prior_scale: 9.980354849119376, holidays_prior_scale: 9.060318379120964, seasonality_mode: multiplicative, 
        yearly_seasonality: False, weekly_seasonality: False, daily_seasonality: True
2024-11-25 11:40:50,167 - INFO - Chain [1] start processing
2024-11-25 11:42:28,266 - INFO - Chain [1] done processing
2024-11-25 11:42:28,859 - INFO - {'mae': 2053.488356605923, 'mape': 25.86582458782594, 'rmse': 2550.4405792894936, 'r2': 0.6050898181062242}
2024-11-25 11:42:28,895 - INFO - changepont_prior_scale: 0.09814936273982067, seasonality_prior_scale: 9.291136312924843, holidays_prior_scale: 8.862704020115453, seasonality_mode: additive, 
        yearly_seasonality: True, weekly_seasonality: True, daily_seasonality: True
2024-11-25 11:42:34,498 - INFO - Chain [1] start processing
2024-11-25 11:44:44,491 - INFO - Chain [1] done processing
2024-11-25 11:44:44,977 - INFO - {'mae': 1491.2288260805487, 'mape': 18.809172854148095, 'rmse': 2026.2943715331999, 'r2': 0.7507282928511119}
2024-11-25 11:44:45,002 - INFO - changepont_prior_scale: 0.09995806585556542, seasonality_prior_scale: 9.29142992658115, holidays_prior_scale: 8.9616329628167, seasonality_mode: additive, 
        yearly_seasonality: True, weekly_seasonality: True, daily_seasonality: True
2024-11-25 11:44:50,528 - INFO - Chain [1] start processing
2024-11-25 11:47:08,100 - INFO - Chain [1] done processing
2024-11-25 11:47:08,673 - INFO - {'mae': 1492.546250760671, 'mape': 18.847341940737703, 'rmse': 2027.022542896053, 'r2': 0.750549103553116}
2024-11-25 11:47:08,705 - INFO - changepont_prior_scale: 0.09046947964172025, seasonality_prior_scale: 9.533786308969582, holidays_prior_scale: 7.617516508935305, seasonality_mode: additive, 
        yearly_seasonality: True, weekly_seasonality: True, daily_seasonality: True
2024-11-25 11:47:15,101 - INFO - Chain [1] start processing
2024-11-25 11:49:19,316 - INFO - Chain [1] done processing
2024-11-25 11:49:19,803 - INFO - {'mae': 1492.6064025593487, 'mape': 18.8430823381602, 'rmse': 2027.2041636022739, 'r2': 0.750504400076268}
2024-11-25 11:49:19,828 - INFO - changepont_prior_scale: 0.09992752844060195, seasonality_prior_scale: 8.446940432105773, holidays_prior_scale: 8.779857556257383, seasonality_mode: additive, 
        yearly_seasonality: True, weekly_seasonality: True, daily_seasonality: True
2024-11-25 11:49:25,435 - INFO - Chain [1] start processing
2024-11-25 11:51:33,924 - INFO - Chain [1] done processing
2024-11-25 11:51:34,581 - INFO - {'mae': 1494.0133922711561, 'mape': 18.888922610353823, 'rmse': 2027.8653889412888, 'r2': 0.7503416145801738}
2024-11-25 11:51:34,622 - INFO - changepont_prior_scale: 0.09401563790790775, seasonality_prior_scale: 8.264242457751223, holidays_prior_scale: 8.28439013347827, seasonality_mode: additive, 
        yearly_seasonality: True, weekly_seasonality: True, daily_seasonality: True
2024-11-25 11:51:40,522 - INFO - Chain [1] start processing
2024-11-25 11:54:14,258 - INFO - Chain [1] done processing
2024-11-25 11:54:14,755 - INFO - {'mae': 1491.198880430855, 'mape': 18.809287517350867, 'rmse': 2026.2563378173882, 'r2': 0.7507376504651149}
2024-11-25 11:54:14,780 - INFO - changepont_prior_scale: 0.06726425517267602, seasonality_prior_scale: 8.267400848036804, holidays_prior_scale: 8.410100431634651, seasonality_mode: additive, 
        yearly_seasonality: True, weekly_seasonality: True, daily_seasonality: False
2024-11-25 11:54:19,587 - INFO - Chain [1] start processing
2024-11-25 11:56:19,708 - INFO - Chain [1] done processing
2024-11-25 11:56:20,587 - INFO - {'mae': 3050.8773345174004, 'mape': 53.019724802219024, 'rmse': 3830.17748670082, 'r2': 0.1093527931568431}
2024-11-25 11:56:20,636 - INFO - changepont_prior_scale: 0.0938886886302841, seasonality_prior_scale: 7.649299964366446, holidays_prior_scale: 7.456432591154894, seasonality_mode: additive, 
        yearly_seasonality: False, weekly_seasonality: True, daily_seasonality: True
2024-11-25 11:56:24,814 - INFO - Chain [1] start processing
2024-11-25 11:58:26,174 - INFO - Chain [1] done processing
2024-11-25 11:58:26,798 - INFO - {'mae': 1752.8287978020896, 'mape': 23.951174918870365, 'rmse': 2218.253159801578, 'r2': 0.7012622336545475}
2024-11-25 11:58:26,823 - INFO - changepont_prior_scale: 0.08956533709848997, seasonality_prior_scale: 8.266509845700837, holidays_prior_scale: 9.47830460732502, seasonality_mode: additive, 
        yearly_seasonality: True, weekly_seasonality: True, daily_seasonality: True
2024-11-25 11:58:32,445 - INFO - Chain [1] start processing
2024-11-25 12:00:53,717 - INFO - Chain [1] done processing
2024-11-25 12:00:54,475 - INFO - {'mae': 1493.4985121525758, 'mape': 18.874931075162014, 'rmse': 2027.547179263431, 'r2': 0.7504199604918267}
2024-11-25 12:00:54,516 - INFO - changepont_prior_scale: 0.09395973764427441, seasonality_prior_scale: 9.483337475924973, holidays_prior_scale: 7.283547152145196, seasonality_mode: additive, 
        yearly_seasonality: True, weekly_seasonality: True, daily_seasonality: True
2024-11-25 12:01:01,558 - INFO - Chain [1] start processing
2024-11-25 12:03:35,091 - INFO - Chain [1] done processing
2024-11-25 12:03:35,650 - INFO - {'mae': 1492.6662551989646, 'mape': 18.850862177277737, 'rmse': 2027.0876229128698, 'r2': 0.7505330854489237}
2024-11-25 12:03:35,654 - INFO - 
Hyperparameter Tuning Done for EWR
2024-11-25 12:03:35,655 - INFO - Best Parameters: {'changepoint_prior_scale': 0.09875048669781965, 'seasonality_prior_scale': 7.586919985541105, 'holidays_prior_scale': 8.106548617752367, 'seasonality_mode': 'additive', 'yearly_seasonality': True, 'weekly_seasonality': True, 'daily_seasonality': True}
2024-11-25 12:03:40,860 - INFO - Chain [1] start processing
2024-11-25 12:05:06,652 - INFO - Chain [1] done processing
2024-11-25 12:05:06,916 - INFO - Model Saved in ../models/EWR_Prophet.joblib
2024-11-25 12:05:06,916 - INFO - Forecasts Saved in ../data/EWR_Aug2024_forecasts.csv
