2024-11-25 10:14:25,518 - INFO - Tuning for Staten Island - Prophet Model
2024-11-25 10:14:25,642 - INFO - changepont_prior_scale: 0.0078069199758399035, seasonality_prior_scale: 3.350866770590762, holidays_prior_scale: 8.822340588999502, seasonality_mode: multiplicative, 
        yearly_seasonality: False, weekly_seasonality: False, daily_seasonality: True
2024-11-25 10:14:28,777 - INFO - Chain [1] start processing
2024-11-25 10:15:10,201 - INFO - Chain [1] done processing
2024-11-25 10:15:10,636 - INFO - {'mae': 5423.840195560457, 'mape': 23.875252986791835, 'rmse': 6851.349271032557, 'r2': 0.6789123531862298}
2024-11-25 10:15:10,643 - INFO - changepont_prior_scale: 0.0746338418527671, seasonality_prior_scale: 2.319799079122718, holidays_prior_scale: 7.092594848426225, seasonality_mode: multiplicative, 
        yearly_seasonality: True, weekly_seasonality: False, daily_seasonality: True
2024-11-25 10:15:15,503 - INFO - Chain [1] start processing
2024-11-25 10:17:13,447 - INFO - Chain [1] done processing
2024-11-25 10:17:13,896 - INFO - {'mae': 4640.350741241863, 'mape': 19.423012649828074, 'rmse': 6188.567630573596, 'r2': 0.738029936934401}
2024-11-25 10:17:13,902 - INFO - changepont_prior_scale: 0.03820319039973113, seasonality_prior_scale: 3.0865608953340113, holidays_prior_scale: 7.138633691519638, seasonality_mode: multiplicative, 
        yearly_seasonality: False, weekly_seasonality: True, daily_seasonality: True
2024-11-25 10:17:17,522 - INFO - Chain [1] start processing
2024-11-25 10:18:29,571 - INFO - Chain [1] done processing
2024-11-25 10:18:30,008 - INFO - {'mae': 5230.5610461900105, 'mape': 21.985796752936988, 'rmse': 6430.377491791978, 'r2': 0.7171577266621898}
2024-11-25 10:18:30,014 - INFO - changepont_prior_scale: 0.06303608184622835, seasonality_prior_scale: 7.155785675886675, holidays_prior_scale: 9.000052295975433, seasonality_mode: multiplicative, 
        yearly_seasonality: False, weekly_seasonality: False, daily_seasonality: True
2024-11-25 10:18:33,304 - INFO - Chain [1] start processing
2024-11-25 10:19:21,960 - INFO - Chain [1] done processing
2024-11-25 10:19:22,393 - INFO - {'mae': 5499.643145684756, 'mape': 24.24518480199093, 'rmse': 6916.484644281748, 'r2': 0.6727782100416141}
2024-11-25 10:19:22,399 - INFO - changepont_prior_scale: 0.0035703817031463255, seasonality_prior_scale: 4.4660695080074255, holidays_prior_scale: 5.526982819947363, seasonality_mode: multiplicative, 
        yearly_seasonality: False, weekly_seasonality: False, daily_seasonality: False
2024-11-25 10:19:25,075 - INFO - Chain [1] start processing
2024-11-25 10:19:36,279 - INFO - Chain [1] done processing
2024-11-25 10:19:36,704 - INFO - {'mae': 9431.390687245297, 'mape': 65.90466258356128, 'rmse': 12599.776405725352, 'r2': -0.08591806585062489}
2024-11-25 10:19:36,710 - INFO - changepont_prior_scale: 0.07489855363370475, seasonality_prior_scale: 3.837417192372871, holidays_prior_scale: 7.273278473888645, seasonality_mode: multiplicative, 
        yearly_seasonality: True, weekly_seasonality: False, daily_seasonality: False
2024-11-25 10:19:40,820 - INFO - Chain [1] start processing
2024-11-25 10:20:49,708 - INFO - Chain [1] done processing
2024-11-25 10:20:50,152 - INFO - {'mae': 9748.099180610163, 'mape': 60.16356180853687, 'rmse': 12038.862606988505, 'r2': 0.008615103936655766}
2024-11-25 10:20:50,159 - INFO - changepont_prior_scale: 0.06347112223385917, seasonality_prior_scale: 6.681591280482326, holidays_prior_scale: 2.4595629505121392, seasonality_mode: multiplicative, 
        yearly_seasonality: True, weekly_seasonality: True, daily_seasonality: False
2024-11-25 10:20:54,819 - INFO - Chain [1] start processing
2024-11-25 10:22:13,127 - INFO - Chain [1] done processing
2024-11-25 10:22:13,577 - INFO - {'mae': 9658.450064740973, 'mape': 58.898539177954554, 'rmse': 11695.650166074172, 'r2': 0.06433556798675089}
2024-11-25 10:22:13,583 - INFO - changepont_prior_scale: 0.01894707605131603, seasonality_prior_scale: 3.3944996587033875, holidays_prior_scale: 7.1791464272534125, seasonality_mode: additive, 
        yearly_seasonality: False, weekly_seasonality: False, daily_seasonality: True
2024-11-25 10:22:16,864 - INFO - Chain [1] start processing
2024-11-25 10:23:13,039 - INFO - Chain [1] done processing
2024-11-25 10:23:13,471 - INFO - {'mae': 5461.2079015587, 'mape': 27.023542331566176, 'rmse': 6744.548181131991, 'r2': 0.6888447702357443}
2024-11-25 10:23:13,477 - INFO - changepont_prior_scale: 0.032642969499485225, seasonality_prior_scale: 7.195441816072972, holidays_prior_scale: 9.973154004689018, seasonality_mode: multiplicative, 
        yearly_seasonality: False, weekly_seasonality: False, daily_seasonality: True
2024-11-25 10:23:16,773 - INFO - Chain [1] start processing
2024-11-25 10:24:21,277 - INFO - Chain [1] done processing
2024-11-25 10:24:21,712 - INFO - {'mae': 5448.6353883552065, 'mape': 24.02494605381545, 'rmse': 6871.300420287359, 'r2': 0.6770396140933953}
2024-11-25 10:24:21,717 - INFO - changepont_prior_scale: 0.04370502102259555, seasonality_prior_scale: 2.313346453045265, holidays_prior_scale: 3.5975806632367933, seasonality_mode: multiplicative, 
        yearly_seasonality: False, weekly_seasonality: True, daily_seasonality: True
2024-11-25 10:24:25,345 - INFO - Chain [1] start processing
2024-11-25 10:25:26,625 - INFO - Chain [1] done processing
2024-11-25 10:25:27,063 - INFO - {'mae': 5249.668375737944, 'mape': 22.05793845198324, 'rmse': 6450.112383563271, 'r2': 0.7154189711835384}
2024-11-25 10:25:27,085 - INFO - changepont_prior_scale: 0.09755055513904662, seasonality_prior_scale: 1.0189868789434509, holidays_prior_scale: 4.533540574701437, seasonality_mode: additive, 
        yearly_seasonality: True, weekly_seasonality: True, daily_seasonality: False
2024-11-25 10:25:31,821 - INFO - Chain [1] start processing
2024-11-25 10:27:02,307 - INFO - Chain [1] done processing
2024-11-25 10:27:02,763 - INFO - {'mae': 9484.02133232177, 'mape': 59.695519406110456, 'rmse': 11727.373405887993, 'r2': 0.059252898475944726}
2024-11-25 10:27:02,785 - INFO - changepont_prior_scale: 0.08264623052728648, seasonality_prior_scale: 1.3229325053002747, holidays_prior_scale: 6.630907792188815, seasonality_mode: additive, 
        yearly_seasonality: True, weekly_seasonality: True, daily_seasonality: True
2024-11-25 10:27:07,983 - INFO - Chain [1] start processing
2024-11-25 10:29:06,575 - INFO - Chain [1] done processing
2024-11-25 10:29:07,030 - INFO - {'mae': 4046.7089180898797, 'mape': 18.019260283172464, 'rmse': 5395.603042939582, 'r2': 0.8008632735174739}
2024-11-25 10:29:07,051 - INFO - changepont_prior_scale: 0.09590201360416464, seasonality_prior_scale: 9.477665204085824, holidays_prior_scale: 5.934009822081937, seasonality_mode: additive, 
        yearly_seasonality: True, weekly_seasonality: True, daily_seasonality: True
2024-11-25 10:29:12,173 - INFO - Chain [1] start processing
2024-11-25 10:30:53,729 - INFO - Chain [1] done processing
2024-11-25 10:30:54,180 - INFO - {'mae': 4038.6619807046536, 'mape': 17.967998342432512, 'rmse': 5390.754306120944, 'r2': 0.8012210195269404}
2024-11-25 10:30:54,203 - INFO - changepont_prior_scale: 0.09614078644518065, seasonality_prior_scale: 9.85569527184785, holidays_prior_scale: 5.408589190366337, seasonality_mode: additive, 
        yearly_seasonality: True, weekly_seasonality: True, daily_seasonality: True
2024-11-25 10:30:59,525 - INFO - Chain [1] start processing
2024-11-25 10:32:45,133 - INFO - Chain [1] done processing
2024-11-25 10:32:45,590 - INFO - {'mae': 4046.5402116800215, 'mape': 18.011037334752398, 'rmse': 5395.849392884577, 'r2': 0.8008450889174789}
2024-11-25 10:32:45,612 - INFO - changepont_prior_scale: 0.08529061046209602, seasonality_prior_scale: 9.749809206560807, holidays_prior_scale: 5.588341037646076, seasonality_mode: additive, 
        yearly_seasonality: True, weekly_seasonality: True, daily_seasonality: True
2024-11-25 10:32:50,969 - INFO - Chain [1] start processing
2024-11-25 10:34:48,160 - INFO - Chain [1] done processing
2024-11-25 10:34:48,608 - INFO - {'mae': 4050.0647791587403, 'mape': 18.04257360190515, 'rmse': 5397.623650923567, 'r2': 0.8007140955295148}
2024-11-25 10:34:48,630 - INFO - changepont_prior_scale: 0.08439367320918373, seasonality_prior_scale: 8.499710102281217, holidays_prior_scale: 3.7534465586190215, seasonality_mode: additive, 
        yearly_seasonality: True, weekly_seasonality: True, daily_seasonality: True
2024-11-25 10:34:53,815 - INFO - Chain [1] start processing
2024-11-25 10:36:32,371 - INFO - Chain [1] done processing
2024-11-25 10:36:32,834 - INFO - {'mae': 4044.1737391480583, 'mape': 18.0052706898061, 'rmse': 5393.981196093314, 'r2': 0.8009829712525031}
2024-11-25 10:36:32,861 - INFO - changepont_prior_scale: 0.057235453355326274, seasonality_prior_scale: 8.349048339641499, holidays_prior_scale: 1.8519233715268082, seasonality_mode: additive, 
        yearly_seasonality: True, weekly_seasonality: True, daily_seasonality: True
2024-11-25 10:36:38,015 - INFO - Chain [1] start processing
2024-11-25 10:38:26,821 - INFO - Chain [1] done processing
2024-11-25 10:38:27,275 - INFO - {'mae': 4065.3029792443854, 'mape': 18.158737531030095, 'rmse': 5406.475704000128, 'r2': 0.8000599054402637}
2024-11-25 10:38:27,295 - INFO - changepont_prior_scale: 0.09997612217198398, seasonality_prior_scale: 8.724746652743459, holidays_prior_scale: 3.4167054021522807, seasonality_mode: additive, 
        yearly_seasonality: True, weekly_seasonality: True, daily_seasonality: True
2024-11-25 10:38:32,627 - INFO - Chain [1] start processing
2024-11-25 10:40:04,343 - INFO - Chain [1] done processing
2024-11-25 10:40:04,803 - INFO - {'mae': 4038.0622988099403, 'mape': 17.963157449550966, 'rmse': 5390.365133822184, 'r2': 0.8012497192138494}
2024-11-25 10:40:04,827 - INFO - changepont_prior_scale: 0.09984153400576742, seasonality_prior_scale: 5.672867803384588, holidays_prior_scale: 3.4879415459534764, seasonality_mode: additive, 
        yearly_seasonality: True, weekly_seasonality: True, daily_seasonality: False
2024-11-25 10:40:09,409 - INFO - Chain [1] start processing
2024-11-25 10:41:59,408 - INFO - Chain [1] done processing
2024-11-25 10:41:59,853 - INFO - {'mae': 9486.931000977582, 'mape': 59.680590850111635, 'rmse': 11726.287703334365, 'r2': 0.05942707631041377}
2024-11-25 10:41:59,875 - INFO - changepont_prior_scale: 0.07326343125571239, seasonality_prior_scale: 8.446058943539285, holidays_prior_scale: 2.4058971633202937, seasonality_mode: additive, 
        yearly_seasonality: True, weekly_seasonality: True, daily_seasonality: True
2024-11-25 10:42:05,213 - INFO - Chain [1] start processing
2024-11-25 10:43:57,335 - INFO - Chain [1] done processing
2024-11-25 10:43:57,783 - INFO - {'mae': 4045.2784951611243, 'mape': 18.012820820553728, 'rmse': 5394.551565888615, 'r2': 0.8009408801515603}
2024-11-25 10:43:57,805 - INFO - changepont_prior_scale: 0.08981865620550125, seasonality_prior_scale: 9.12939299434704, holidays_prior_scale: 1.2636333089000056, seasonality_mode: additive, 
        yearly_seasonality: True, weekly_seasonality: True, daily_seasonality: True
2024-11-25 10:44:02,983 - INFO - Chain [1] start processing
2024-11-25 10:45:43,513 - INFO - Chain [1] done processing
2024-11-25 10:45:43,962 - INFO - {'mae': 4044.130084568898, 'mape': 17.988246498401654, 'rmse': 5394.9306054932085, 'r2': 0.8009129060225195}
2024-11-25 10:45:43,984 - INFO - changepont_prior_scale: 0.08839215486450634, seasonality_prior_scale: 8.524243719409569, holidays_prior_scale: 3.8664162641185635, seasonality_mode: additive, 
        yearly_seasonality: True, weekly_seasonality: True, daily_seasonality: True
2024-11-25 10:45:49,294 - INFO - Chain [1] start processing
2024-11-25 10:47:37,038 - INFO - Chain [1] done processing
2024-11-25 10:47:37,489 - INFO - {'mae': 4037.836357215069, 'mape': 17.954539660318634, 'rmse': 5390.606448830108, 'r2': 0.8012319235736814}
2024-11-25 10:47:37,512 - INFO - changepont_prior_scale: 0.09041704764363336, seasonality_prior_scale: 7.957996258710379, holidays_prior_scale: 4.775690865371024, seasonality_mode: additive, 
        yearly_seasonality: True, weekly_seasonality: True, daily_seasonality: True
2024-11-25 10:47:42,676 - INFO - Chain [1] start processing
2024-11-25 10:49:34,820 - INFO - Chain [1] done processing
2024-11-25 10:49:35,274 - INFO - {'mae': 4045.139128406615, 'mape': 18.004999079174297, 'rmse': 5394.8770459385605, 'r2': 0.8009168589790779}
2024-11-25 10:49:35,297 - INFO - changepont_prior_scale: 0.09961417843951155, seasonality_prior_scale: 6.007677528955768, holidays_prior_scale: 4.1958198990163496, seasonality_mode: additive, 
        yearly_seasonality: True, weekly_seasonality: True, daily_seasonality: True
2024-11-25 10:49:40,439 - INFO - Chain [1] start processing
2024-11-25 10:51:14,817 - INFO - Chain [1] done processing
2024-11-25 10:51:15,272 - INFO - {'mae': 4029.0187068603714, 'mape': 17.88864683990801, 'rmse': 5385.737983682149, 'r2': 0.8015907917196673}
2024-11-25 10:51:15,293 - INFO - changepont_prior_scale: 0.0768304848657138, seasonality_prior_scale: 5.696758052169193, holidays_prior_scale: 2.831598424415317, seasonality_mode: additive, 
        yearly_seasonality: True, weekly_seasonality: True, daily_seasonality: True
2024-11-25 10:51:20,584 - INFO - Chain [1] start processing
2024-11-25 10:53:01,789 - INFO - Chain [1] done processing
2024-11-25 10:53:02,251 - INFO - {'mae': 4054.0248264536876, 'mape': 18.06243287948792, 'rmse': 5400.460656269895, 'r2': 0.8005045500723461}
2024-11-25 10:53:02,272 - INFO - changepont_prior_scale: 0.09026244384885816, seasonality_prior_scale: 6.598449504424179, holidays_prior_scale: 4.590737602580984, seasonality_mode: additive, 
        yearly_seasonality: True, weekly_seasonality: True, daily_seasonality: True
2024-11-25 10:53:07,627 - INFO - Chain [1] start processing
2024-11-25 10:55:03,721 - INFO - Chain [1] done processing
2024-11-25 10:55:04,183 - INFO - {'mae': 4044.0692714765364, 'mape': 17.9930856017955, 'rmse': 5394.476669039564, 'r2': 0.8009464075052887}
2024-11-25 10:55:04,205 - INFO - changepont_prior_scale: 0.08149794986649463, seasonality_prior_scale: 4.571813590673687, holidays_prior_scale: 3.0512271199102243, seasonality_mode: additive, 
        yearly_seasonality: True, weekly_seasonality: True, daily_seasonality: True
2024-11-25 10:55:09,410 - INFO - Chain [1] start processing
2024-11-25 10:57:05,510 - INFO - Chain [1] done processing
2024-11-25 10:57:05,967 - INFO - {'mae': 4061.1085556285952, 'mape': 18.125577005769316, 'rmse': 5404.039436552385, 'r2': 0.8002400589525607}
2024-11-25 10:57:05,987 - INFO - changepont_prior_scale: 0.06656631365846827, seasonality_prior_scale: 7.883407492001979, holidays_prior_scale: 4.118109704227037, seasonality_mode: additive, 
        yearly_seasonality: True, weekly_seasonality: True, daily_seasonality: False
2024-11-25 10:57:10,538 - INFO - Chain [1] start processing
2024-11-25 10:58:42,264 - INFO - Chain [1] done processing
2024-11-25 10:58:42,704 - INFO - {'mae': 9452.716590358385, 'mape': 59.85786297718717, 'rmse': 11741.295051930696, 'r2': 0.05701803797825156}
2024-11-25 10:58:42,726 - INFO - changepont_prior_scale: 0.054569904966074674, seasonality_prior_scale: 9.064711824570425, holidays_prior_scale: 1.1492958443371415, seasonality_mode: additive, 
        yearly_seasonality: True, weekly_seasonality: True, daily_seasonality: True
2024-11-25 10:58:48,023 - INFO - Chain [1] start processing
2024-11-25 11:00:39,441 - INFO - Chain [1] done processing
2024-11-25 11:00:39,893 - INFO - {'mae': 4076.734594564248, 'mape': 18.24100297216168, 'rmse': 5413.228569274933, 'r2': 0.7995601300605455}
2024-11-25 11:00:39,915 - INFO - changepont_prior_scale: 0.016310271690387602, seasonality_prior_scale: 6.2785150231413045, holidays_prior_scale: 4.146371917961847, seasonality_mode: additive, 
        yearly_seasonality: True, weekly_seasonality: True, daily_seasonality: True
2024-11-25 11:00:45,250 - INFO - Chain [1] start processing
2024-11-25 11:02:09,316 - INFO - Chain [1] done processing
2024-11-25 11:02:09,769 - INFO - {'mae': 4216.2324462548, 'mape': 19.14781923010746, 'rmse': 5507.615457404111, 'r2': 0.7925093161241676}
2024-11-25 11:02:09,790 - INFO - changepont_prior_scale: 0.09167221509325614, seasonality_prior_scale: 7.483225278622668, holidays_prior_scale: 2.0397377077259073, seasonality_mode: additive, 
        yearly_seasonality: True, weekly_seasonality: True, daily_seasonality: True
2024-11-25 11:02:14,957 - INFO - Chain [1] start processing
2024-11-25 11:03:36,492 - INFO - Chain [1] done processing
2024-11-25 11:03:36,943 - INFO - {'mae': 4026.074066578565, 'mape': 17.88103734292139, 'rmse': 5383.323132582735, 'r2': 0.8017686768231054}
2024-11-25 11:03:36,968 - INFO - changepont_prior_scale: 0.0916147235574489, seasonality_prior_scale: 7.533585149993211, holidays_prior_scale: 1.8244143840426785, seasonality_mode: additive, 
        yearly_seasonality: True, weekly_seasonality: True, daily_seasonality: True
2024-11-25 11:03:42,300 - INFO - Chain [1] start processing
2024-11-25 11:05:23,413 - INFO - Chain [1] done processing
2024-11-25 11:05:23,862 - INFO - {'mae': 4047.804041439884, 'mape': 18.027515826267727, 'rmse': 5396.224987776775, 'r2': 0.8008173623575585}
2024-11-25 11:05:23,884 - INFO - changepont_prior_scale: 0.09963790068335167, seasonality_prior_scale: 6.166628313416957, holidays_prior_scale: 3.0501887678416124, seasonality_mode: additive, 
        yearly_seasonality: True, weekly_seasonality: True, daily_seasonality: True
2024-11-25 11:05:29,022 - INFO - Chain [1] start processing
2024-11-25 11:07:01,971 - INFO - Chain [1] done processing
2024-11-25 11:07:02,433 - INFO - {'mae': 4020.8600220720095, 'mape': 17.83687292140635, 'rmse': 5380.71547163686, 'r2': 0.8019606752857368}
2024-11-25 11:07:02,455 - INFO - changepont_prior_scale: 0.09470506582087783, seasonality_prior_scale: 4.971991882566348, holidays_prior_scale: 3.1019431843862475, seasonality_mode: additive, 
        yearly_seasonality: True, weekly_seasonality: True, daily_seasonality: True
2024-11-25 11:07:07,797 - INFO - Chain [1] start processing
2024-11-25 11:08:54,234 - INFO - Chain [1] done processing
2024-11-25 11:08:54,686 - INFO - {'mae': 4042.5462334766216, 'mape': 17.996945881008482, 'rmse': 5392.791322495021, 'r2': 0.8010707650288453}
2024-11-25 11:08:54,707 - INFO - changepont_prior_scale: 0.09813316084445005, seasonality_prior_scale: 6.16723067058528, holidays_prior_scale: 1.8231989419243166, seasonality_mode: additive, 
        yearly_seasonality: True, weekly_seasonality: False, daily_seasonality: True
2024-11-25 11:08:59,420 - INFO - Chain [1] start processing
2024-11-25 11:10:18,998 - INFO - Chain [1] done processing
2024-11-25 11:10:19,448 - INFO - {'mae': 4605.919908455955, 'mape': 20.688521121804726, 'rmse': 6052.726790881373, 'r2': 0.7494043522798511}
2024-11-25 11:10:19,469 - INFO - changepont_prior_scale: 0.07904537950915747, seasonality_prior_scale: 5.235768922806669, holidays_prior_scale: 2.3947026018903754, seasonality_mode: additive, 
        yearly_seasonality: False, weekly_seasonality: True, daily_seasonality: True
2024-11-25 11:10:23,056 - INFO - Chain [1] start processing
2024-11-25 11:11:38,604 - INFO - Chain [1] done processing
2024-11-25 11:11:39,041 - INFO - {'mae': 5160.41058985211, 'mape': 24.487172155389313, 'rmse': 6312.22707211245, 'r2': 0.7274560104750674}
2024-11-25 11:11:39,066 - INFO - changepont_prior_scale: 0.07103857713506763, seasonality_prior_scale: 7.14909841562481, holidays_prior_scale: 3.0514900410441337, seasonality_mode: additive, 
        yearly_seasonality: True, weekly_seasonality: False, daily_seasonality: True
2024-11-25 11:11:43,978 - INFO - Chain [1] start processing
2024-11-25 11:13:40,699 - INFO - Chain [1] done processing
2024-11-25 11:13:41,152 - INFO - {'mae': 4629.6767298456125, 'mape': 20.978200052322446, 'rmse': 6068.252705927352, 'r2': 0.7481170921920802}
2024-11-25 11:13:41,173 - INFO - changepont_prior_scale: 0.09982523490416066, seasonality_prior_scale: 6.162173934059949, holidays_prior_scale: 2.133092104779296, seasonality_mode: multiplicative, 
        yearly_seasonality: False, weekly_seasonality: True, daily_seasonality: False
2024-11-25 11:13:44,136 - INFO - Chain [1] start processing
2024-11-25 11:14:43,677 - INFO - Chain [1] done processing
2024-11-25 11:14:44,104 - INFO - {'mae': 9217.422139267628, 'mape': 62.68882484334192, 'rmse': 12137.410832424412, 'r2': -0.007681966745987312}
2024-11-25 11:14:44,127 - INFO - changepont_prior_scale: 0.08430717352308151, seasonality_prior_scale: 7.093190097459268, holidays_prior_scale: 4.800049669955461, seasonality_mode: additive, 
        yearly_seasonality: True, weekly_seasonality: True, daily_seasonality: True
2024-11-25 11:14:49,451 - INFO - Chain [1] start processing
2024-11-25 11:16:25,984 - INFO - Chain [1] done processing
2024-11-25 11:16:26,435 - INFO - {'mae': 4053.3766229821504, 'mape': 18.06008984463883, 'rmse': 5399.954367423737, 'r2': 0.8005419533951893}
2024-11-25 11:16:26,458 - INFO - changepont_prior_scale: 0.031430319461250814, seasonality_prior_scale: 7.640058455096156, holidays_prior_scale: 2.7564771358095514, seasonality_mode: multiplicative, 
        yearly_seasonality: True, weekly_seasonality: False, daily_seasonality: True
2024-11-25 11:16:31,144 - INFO - Chain [1] start processing
2024-11-25 11:17:51,754 - INFO - Chain [1] done processing
2024-11-25 11:17:52,201 - INFO - {'mae': 4630.897860825677, 'mape': 19.362784325127993, 'rmse': 6179.537729966429, 'r2': 0.7387938739048977}
2024-11-25 11:17:52,225 - INFO - changepont_prior_scale: 0.06799168693804722, seasonality_prior_scale: 4.143209881044912, holidays_prior_scale: 3.3909190838827494, seasonality_mode: additive, 
        yearly_seasonality: False, weekly_seasonality: True, daily_seasonality: False
2024-11-25 11:17:55,334 - INFO - Chain [1] start processing
2024-11-25 11:18:57,413 - INFO - Chain [1] done processing
2024-11-25 11:18:57,848 - INFO - {'mae': 9186.010516746443, 'mape': 62.54982628957627, 'rmse': 12098.691491840864, 'r2': -0.0012630445500263487}
2024-11-25 11:18:57,871 - INFO - changepont_prior_scale: 0.08896863470028275, seasonality_prior_scale: 8.563055075304481, holidays_prior_scale: 4.114328075116926, seasonality_mode: additive, 
        yearly_seasonality: True, weekly_seasonality: True, daily_seasonality: True
2024-11-25 11:19:03,210 - INFO - Chain [1] start processing
2024-11-25 11:20:56,264 - INFO - Chain [1] done processing
2024-11-25 11:20:56,716 - INFO - {'mae': 4043.936459983861, 'mape': 17.999509546722756, 'rmse': 5393.9976894111, 'r2': 0.8009817541714643}
2024-11-25 11:20:56,738 - INFO - changepont_prior_scale: 0.0933017580490169, seasonality_prior_scale: 6.7259041975570835, holidays_prior_scale: 3.808906740535412, seasonality_mode: additive, 
        yearly_seasonality: True, weekly_seasonality: True, daily_seasonality: True
2024-11-25 11:21:01,914 - INFO - Chain [1] start processing
2024-11-25 11:23:00,766 - INFO - Chain [1] done processing
2024-11-25 11:23:01,219 - INFO - {'mae': 4042.510975277166, 'mape': 17.987378502694597, 'rmse': 5393.267038500094, 'r2': 0.8010356670659261}
2024-11-25 11:23:01,243 - INFO - changepont_prior_scale: 0.08751625950080308, seasonality_prior_scale: 8.946625253575078, holidays_prior_scale: 3.365021413627325, seasonality_mode: additive, 
        yearly_seasonality: True, weekly_seasonality: True, daily_seasonality: True
2024-11-25 11:23:06,610 - INFO - Chain [1] start processing
2024-11-25 11:24:56,508 - INFO - Chain [1] done processing
2024-11-25 11:24:56,960 - INFO - {'mae': 4039.699750436887, 'mape': 17.968903056001885, 'rmse': 5391.614115386875, 'r2': 0.8011576051587258}
2024-11-25 11:24:56,983 - INFO - changepont_prior_scale: 0.09354951900860037, seasonality_prior_scale: 7.557293140536805, holidays_prior_scale: 2.5423946604997405, seasonality_mode: multiplicative, 
        yearly_seasonality: True, weekly_seasonality: True, daily_seasonality: True
2024-11-25 11:25:02,136 - INFO - Chain [1] start processing
2024-11-25 11:26:43,545 - INFO - Chain [1] done processing
2024-11-25 11:26:43,995 - INFO - {'mae': 4354.049470799497, 'mape': 18.575985951965322, 'rmse': 5606.000646557629, 'r2': 0.7850300928592493}
2024-11-25 11:26:44,019 - INFO - changepont_prior_scale: 0.09952684434519549, seasonality_prior_scale: 8.146675150831756, holidays_prior_scale: 8.328816354403587, seasonality_mode: additive, 
        yearly_seasonality: True, weekly_seasonality: False, daily_seasonality: True
2024-11-25 11:26:48,712 - INFO - Chain [1] start processing
2024-11-25 11:28:13,963 - INFO - Chain [1] done processing
2024-11-25 11:28:14,412 - INFO - {'mae': 4600.035775399119, 'mape': 20.60270165645215, 'rmse': 6049.589793829512, 'r2': 0.7496640415476318}
2024-11-25 11:28:14,434 - INFO - changepont_prior_scale: 0.08069932512486806, seasonality_prior_scale: 8.84595789126187, holidays_prior_scale: 5.038362515656043, seasonality_mode: additive, 
        yearly_seasonality: False, weekly_seasonality: True, daily_seasonality: True
2024-11-25 11:28:18,178 - INFO - Chain [1] start processing
2024-11-25 11:29:23,391 - INFO - Chain [1] done processing
2024-11-25 11:29:23,823 - INFO - {'mae': 5164.137580654707, 'mape': 24.507457880012325, 'rmse': 6315.7360344252875, 'r2': 0.7271529122521798}
2024-11-25 11:29:23,846 - INFO - changepont_prior_scale: 0.08748111262973848, seasonality_prior_scale: 6.929615275663391, holidays_prior_scale: 1.5688099838129155, seasonality_mode: additive, 
        yearly_seasonality: True, weekly_seasonality: True, daily_seasonality: True
2024-11-25 11:29:28,964 - INFO - Chain [1] start processing
2024-11-25 11:31:06,285 - INFO - Chain [1] done processing
2024-11-25 11:31:06,738 - INFO - {'mae': 4032.8266970624936, 'mape': 17.917505812415154, 'rmse': 5387.848108972428, 'r2': 0.8014352883118384}
2024-11-25 11:31:06,760 - INFO - changepont_prior_scale: 0.09435040880021403, seasonality_prior_scale: 6.831945290551426, holidays_prior_scale: 1.564521491534022, seasonality_mode: multiplicative, 
        yearly_seasonality: True, weekly_seasonality: True, daily_seasonality: False
2024-11-25 11:31:11,484 - INFO - Chain [1] start processing
2024-11-25 11:32:29,528 - INFO - Chain [1] done processing
2024-11-25 11:32:29,973 - INFO - {'mae': 9672.693158337162, 'mape': 58.83450231092399, 'rmse': 11693.39367363707, 'r2': 0.06469657673983398}
2024-11-25 11:32:29,996 - INFO - changepont_prior_scale: 0.04821806555602237, seasonality_prior_scale: 5.419688698392202, holidays_prior_scale: 1.4543288371166831, seasonality_mode: additive, 
        yearly_seasonality: True, weekly_seasonality: False, daily_seasonality: True
2024-11-25 11:32:34,698 - INFO - Chain [1] start processing
2024-11-25 11:34:29,211 - INFO - Chain [1] done processing
2024-11-25 11:34:29,658 - INFO - {'mae': 4646.801802054729, 'mape': 21.20943160747774, 'rmse': 6078.5267200732615, 'r2': 0.7472634562623226}
2024-11-25 11:34:29,663 - INFO - 
Hyperparameter Tuning Done for Staten Island
2024-11-25 11:34:29,663 - INFO - Best Parameters: {'changepoint_prior_scale': 0.09963790068335167, 'seasonality_prior_scale': 6.166628313416957, 'holidays_prior_scale': 3.0501887678416124, 'seasonality_mode': 'additive', 'yearly_seasonality': True, 'weekly_seasonality': True, 'daily_seasonality': True}
2024-11-25 11:34:34,017 - INFO - Chain [1] start processing
2024-11-25 11:35:49,883 - INFO - Chain [1] done processing
2024-11-25 11:35:50,132 - INFO - Model Saved in ../models/Staten Island_Prophet.joblib
2024-11-25 11:35:50,132 - INFO - Forecasts Saved in ../data/Staten Island_Aug2024_forecasts.csv
